0 info it worked if it ends with ok
1 verbose cli [ 'C:\\Program Files\\nodejs\\node.exe',
1 verbose cli   'C:\\Users\\taylorqj\\AppData\\Roaming\\npm\\node_modules\\npm\\bin\\npm-cli.js',
1 verbose cli   'run',
1 verbose cli   'dev' ]
2 info using npm@3.10.5
3 info using node@v7.3.0
4 verbose run-script [ 'predev', 'dev', 'postdev' ]
5 info lifecycle owpug@1.0.0~predev: owpug@1.0.0
6 silly lifecycle owpug@1.0.0~predev: no script for predev, continuing
7 info lifecycle owpug@1.0.0~dev: owpug@1.0.0
8 verbose lifecycle owpug@1.0.0~dev: unsafe-perm in lifecycle true
9 verbose lifecycle owpug@1.0.0~dev: PATH: C:\Users\taylorqj\AppData\Roaming\npm\node_modules\npm\bin\node-gyp-bin;C:\dev\owpug\node_modules\.bin;C:\Program Files\nodejs;C:\Users\taylorqj\Downloads\cmder_mini\bin;C:\Users\taylorqj\Downloads\cmder_mini\vendor\conemu-maximus5\ConEmu\Scripts;C:\Users\taylorqj\Downloads\cmder_mini\vendor\conemu-maximus5;C:\Users\taylorqj\Downloads\cmder_mini\vendor\conemu-maximus5\ConEmu;C:\Program Files (x86)\Razer Chroma SDK\bin;C:\Program Files\Razer Chroma SDK\bin;C:\Program Files (x86)\Intel\iCLS Client\;C:\Program Files\Intel\iCLS Client\;C:\WINDOWS\system32;C:\WINDOWS;C:\WINDOWS\System32\Wbem;C:\WINDOWS\System32\WindowsPowerShell\v1.0\;C:\Program Files (x86)\Intel\Intel(R) Management Engine Components\DAL;C:\Program Files\Intel\Intel(R) Management Engine Components\DAL;C:\Program Files (x86)\Intel\Intel(R) Management Engine Components\IPT;C:\Program Files\Intel\Intel(R) Management Engine Components\IPT;C:\Program Files (x86)\NVIDIA Corporation\PhysX\Common;C:\WINDOWS\system32;C:\WINDOWS;C:\WINDOWS\System32\Wbem;C:\WINDOWS\System32\WindowsPowerShell\v1.0\;C:\ProgramData\chocolatey\bin;C:\Program Files (x86)\Skype\Phone\;C:\Users\taylorqj\.babun;C:\Program Files\Java\jdk1.7.0_79\bin;C:\grails-2.4.4\bin;C:\Users\taylorqj\AppData\Local\atom\bin;C:\Users\taylorqj\AppData\Local\Microsoft\WindowsApps;C:\Users\taylorqj\AppData\Roaming\npm;C:\Users\taylorqj\AppData\Local\Yarn\.bin;C:\Program Files\Heroku\bin;C:\Program Files\CMake\bin;C:\Program Files\Git\cmd;C:\Program Files\Git\mingw64\bin;C:\Program Files\Git\usr\bin;C:\Program Files (x86)\Yarn\bin;C:\Program Files (x86)\Windows Kits\8.1\Windows Performance Toolkit\;C:\Users\taylorqj\AppData\Roaming\nvm;C:\Program Files\nodejs;C:\Users\taylorqj\AppData\Local\Programs\Python\Python36;C:\Program Files\Docker Toolbox;C:\Users\taylorqj\AppData\Local\Yarn\bin;C:\Users\taylorqj\AppData\Roaming\nvm;C:\Program Files\nodejs;C:\Program Files (x86)\Microsoft VS Code\bin;C:\Program Files\Git\usr\bin;C:\Program Files\Git\usr\share\vim\vim74;C:\Users\taylorqj\Downloads\cmder_mini\
10 verbose lifecycle owpug@1.0.0~dev: CWD: C:\dev\owpug
11 silly lifecycle owpug@1.0.0~dev: Args: [ '/d /s /c',
11 silly lifecycle   'node -r babel-register -r babel-polyfill --trace-warnings ./node_modules/webpack-dev-server/bin/webpack-dev-server --config ./scripts/webpack/webpack.dev.js --progress --colors' ]
12 silly lifecycle owpug@1.0.0~dev: Returned: code: 1  signal: null
13 info lifecycle owpug@1.0.0~dev: Failed to exec dev script
14 verbose stack Error: owpug@1.0.0 dev: `node -r babel-register -r babel-polyfill --trace-warnings ./node_modules/webpack-dev-server/bin/webpack-dev-server --config ./scripts/webpack/webpack.dev.js --progress --colors`
14 verbose stack Exit status 1
14 verbose stack     at EventEmitter.<anonymous> (C:\Users\taylorqj\AppData\Roaming\npm\node_modules\npm\lib\utils\lifecycle.js:242:16)
14 verbose stack     at emitTwo (events.js:106:13)
14 verbose stack     at EventEmitter.emit (events.js:191:7)
14 verbose stack     at ChildProcess.<anonymous> (C:\Users\taylorqj\AppData\Roaming\npm\node_modules\npm\lib\utils\spawn.js:40:14)
14 verbose stack     at emitTwo (events.js:106:13)
14 verbose stack     at ChildProcess.emit (events.js:191:7)
14 verbose stack     at maybeClose (internal/child_process.js:885:16)
14 verbose stack     at Process.ChildProcess._handle.onexit (internal/child_process.js:226:5)
15 verbose pkgid owpug@1.0.0
16 verbose cwd C:\dev\owpug
17 error Windows_NT 10.0.15063
18 error argv "C:\\Program Files\\nodejs\\node.exe" "C:\\Users\\taylorqj\\AppData\\Roaming\\npm\\node_modules\\npm\\bin\\npm-cli.js" "run" "dev"
19 error node v7.3.0
20 error npm  v3.10.5
21 error code ELIFECYCLE
22 error owpug@1.0.0 dev: `node -r babel-register -r babel-polyfill --trace-warnings ./node_modules/webpack-dev-server/bin/webpack-dev-server --config ./scripts/webpack/webpack.dev.js --progress --colors`
22 error Exit status 1
23 error Failed at the owpug@1.0.0 dev script 'node -r babel-register -r babel-polyfill --trace-warnings ./node_modules/webpack-dev-server/bin/webpack-dev-server --config ./scripts/webpack/webpack.dev.js --progress --colors'.
23 error Make sure you have the latest version of node.js and npm installed.
23 error If you do, this is most likely a problem with the owpug package,
23 error not with npm itself.
23 error Tell the author that this fails on your system:
23 error     node -r babel-register -r babel-polyfill --trace-warnings ./node_modules/webpack-dev-server/bin/webpack-dev-server --config ./scripts/webpack/webpack.dev.js --progress --colors
23 error You can get information on how to open an issue for this project with:
23 error     npm bugs owpug
23 error Or if that isn't available, you can get their info via:
23 error     npm owner ls owpug
23 error There is likely additional logging output above.
24 verbose exit [ 1, true ]
